#
# There is insufficient memory for the Java Runtime Environment to continue.
# Native memory allocation (mmap) failed to map 536870912 bytes. Error detail: G1 virtual space
# Possible reasons:
#   The system is out of physical RAM or swap space
#   This process is running with CompressedOops enabled, and the Java Heap may be blocking the growth of the native heap
# Possible solutions:
#   Reduce memory load on the system
#   Increase physical memory or swap space
#   Check if swap backing store is full
#   Decrease Java heap size (-Xmx/-Xms)
#   Decrease number of Java threads
#   Decrease Java thread stack sizes (-Xss)
#   Set larger code cache with -XX:ReservedCodeCacheSize=
#   JVM is running with Zero Based Compressed Oops mode in which the Java heap is
#     placed in the first 32GB address space. The Java Heap base address is the
#     maximum limit for the native heap growth. Please use -XX:HeapBaseMinAddress
#     to set the Java Heap base and to place the Java Heap above 32GB virtual address.
# This output file may be truncated or incomplete.
#
#  Out of Memory Error (os_windows.cpp:3703), pid=53608, tid=45600
#
# JRE version: Java(TM) SE Runtime Environment (23.0.1+11) (build 23.0.1+11-39)
# Java VM: Java HotSpot(TM) 64-Bit Server VM (23.0.1+11-39, mixed mode, sharing, tiered, compressed oops, compressed class ptrs, g1 gc, windows-amd64)
# No core dump will be written. Minidumps are not enabled by default on client versions of Windows
#

---------------  S U M M A R Y ------------

Command Line: -XX:+ShowCodeDetailsInExceptionMessages com.karkinos.Main

Host: AMD Ryzen 5 3600 6-Core Processor              , 12 cores, 15G,  Windows 11 , 64 bit Build 22621 (10.0.22621.4391)
Time: Thu Jan  9 21:37:31 2025 GTB Standard Time elapsed time: 6.989340 seconds (0d 0h 0m 6s)

---------------  T H R E A D  ---------------

Current thread (0x00000201ec2816f0):  VMThread "VM Thread"          [id=45600, stack(0x0000003637600000,0x0000003637700000) (1024K)]

Stack: [0x0000003637600000,0x0000003637700000]
Native frames: (J=compiled Java code, j=interpreted, Vv=VM code, C=native code)
V  [jvm.dll+0x6e08b9]  (no source info available)
V  [jvm.dll+0x87dc83]  (no source info available)
V  [jvm.dll+0x88010e]  (no source info available)
V  [jvm.dll+0x8807e3]  (no source info available)
V  [jvm.dll+0x27aee6]  (no source info available)
V  [jvm.dll+0x6dd1c5]  (no source info available)
V  [jvm.dll+0x6d104a]  (no source info available)
V  [jvm.dll+0x35b3ea]  (no source info available)
V  [jvm.dll+0x3637f6]  (no source info available)
V  [jvm.dll+0x34fd5e]  (no source info available)
V  [jvm.dll+0x34fff8]  (no source info available)
V  [jvm.dll+0x3289cc]  (no source info available)
V  [jvm.dll+0x328a5a]  (no source info available)
V  [jvm.dll+0x374c92]  (no source info available)
V  [jvm.dll+0x373392]  (no source info available)
V  [jvm.dll+0x3281a7]  (no source info available)
V  [jvm.dll+0x372b44]  (no source info available)
V  [jvm.dll+0x886720]  (no source info available)
V  [jvm.dll+0x887a47]  (no source info available)
V  [jvm.dll+0x887f78]  (no source info available)
V  [jvm.dll+0x888213]  (no source info available)
V  [jvm.dll+0x824f8b]  (no source info available)
V  [jvm.dll+0x6df065]  (no source info available)
C  [ucrtbase.dll+0x29333]  (no source info available)
C  [KERNEL32.DLL+0x1259d]  (no source info available)
C  [ntdll.dll+0x5af38]  (no source info available)

VM_Operation (0x0000003636ffde40): G1CollectForAllocation, mode: safepoint, requested by thread 0x00000201cc9d9930


---------------  P R O C E S S  ---------------

Threads class SMR info:
_java_thread_list=0x00000201c515ba20, length=11, elements={
0x00000201cc9d9930, 0x00000201ec299300, 0x00000201ec299e30, 0x00000201ec29ccb0,
0x00000201ec29f780, 0x00000201ec29fdf0, 0x00000201ec2ac480, 0x00000201ec2acf50,
0x00000201ec2bcfe0, 0x00000201c51584c0, 0x00000201c515bf70
}

Java Threads: ( => current thread )
  0x00000201cc9d9930 JavaThread "main"                              [_thread_blocked, id=41332, stack(0x0000003636f00000,0x0000003637000000) (1024K)]
  0x00000201ec299300 JavaThread "Reference Handler"          daemon [_thread_blocked, id=54224, stack(0x0000003637700000,0x0000003637800000) (1024K)]
  0x00000201ec299e30 JavaThread "Finalizer"                  daemon [_thread_blocked, id=53688, stack(0x0000003637800000,0x0000003637900000) (1024K)]
  0x00000201ec29ccb0 JavaThread "Signal Dispatcher"          daemon [_thread_blocked, id=37768, stack(0x0000003637900000,0x0000003637a00000) (1024K)]
  0x00000201ec29f780 JavaThread "Attach Listener"            daemon [_thread_blocked, id=49016, stack(0x0000003637a00000,0x0000003637b00000) (1024K)]
  0x00000201ec29fdf0 JavaThread "Service Thread"             daemon [_thread_blocked, id=53304, stack(0x0000003637b00000,0x0000003637c00000) (1024K)]
  0x00000201ec2ac480 JavaThread "Monitor Deflation Thread"   daemon [_thread_blocked, id=52964, stack(0x0000003637c00000,0x0000003637d00000) (1024K)]
  0x00000201ec2acf50 JavaThread "C2 CompilerThread0"         daemon [_thread_blocked, id=46220, stack(0x0000003637d00000,0x0000003637e00000) (1024K)]
  0x00000201ec2bcfe0 JavaThread "C1 CompilerThread0"         daemon [_thread_blocked, id=652, stack(0x0000003637e00000,0x0000003637f00000) (1024K)]
  0x00000201c51584c0 JavaThread "Notification Thread"        daemon [_thread_blocked, id=53732, stack(0x0000003637f00000,0x0000003638000000) (1024K)]
  0x00000201c515bf70 JavaThread "Common-Cleaner"             daemon [_thread_blocked, id=54220, stack(0x0000003638000000,0x0000003638100000) (1024K)]
Total: 11

Other Threads:
=>0x00000201ec2816f0 VMThread "VM Thread"                           [id=45600, stack(0x0000003637600000,0x0000003637700000) (1024K)]
  0x00000201ec26f4d0 WatcherThread "VM Periodic Task Thread"        [id=27928, stack(0x0000003637500000,0x0000003637600000) (1024K)]
  0x00000201cca42df0 WorkerThread "GC Thread#0"                     [id=36000, stack(0x0000003637000000,0x0000003637100000) (1024K)]
  0x00000201c5b30f50 WorkerThread "GC Thread#1"                     [id=54176, stack(0x0000003638100000,0x0000003638200000) (1024K)]
  0x00000201c5b31710 WorkerThread "GC Thread#2"                     [id=17248, stack(0x0000003638200000,0x0000003638300000) (1024K)]
  0x00000201c5b31ac0 WorkerThread "GC Thread#3"                     [id=32584, stack(0x0000003638300000,0x0000003638400000) (1024K)]
  0x00000201c5de6e70 WorkerThread "GC Thread#4"                     [id=53328, stack(0x0000003638400000,0x0000003638500000) (1024K)]
  0x00000201c5de7220 WorkerThread "GC Thread#5"                     [id=53868, stack(0x0000003638500000,0x0000003638600000) (1024K)]
  0x00000201c5d7bb10 WorkerThread "GC Thread#6"                     [id=54252, stack(0x0000003638600000,0x0000003638700000) (1024K)]
  0x00000201c5ebb8c0 WorkerThread "GC Thread#7"                     [id=53768, stack(0x0000003638700000,0x0000003638800000) (1024K)]
  0x00000201c5ebbc70 WorkerThread "GC Thread#8"                     [id=48732, stack(0x0000003638800000,0x0000003638900000) (1024K)]
  0x00000201c5ebc020 WorkerThread "GC Thread#9"                     [id=53672, stack(0x0000003638900000,0x0000003638a00000) (1024K)]
  0x00000201cca59ed0 ConcurrentGCThread "G1 Main Marker"            [id=49692, stack(0x0000003637100000,0x0000003637200000) (1024K)]
  0x00000201cca5a9e0 WorkerThread "G1 Conc#0"                       [id=53860, stack(0x0000003637200000,0x0000003637300000) (1024K)]
  0x00000201c610e770 WorkerThread "G1 Conc#1"                       [id=35696, stack(0x0000003638a00000,0x0000003638b00000) (1024K)]
  0x00000201c6861870 WorkerThread "G1 Conc#2"                       [id=17960, stack(0x0000003638b00000,0x0000003638c00000) (1024K)]
  0x00000201cca9e5e0 ConcurrentGCThread "G1 Refine#0"               [id=9860, stack(0x0000003637300000,0x0000003637400000) (1024K)]
  0x00000201ec1331f0 ConcurrentGCThread "G1 Service"                [id=51260, stack(0x0000003637400000,0x0000003637500000) (1024K)]
Total: 18

Threads with active compile tasks:
C2 CompilerThread0  7055 1434       4       java.util.HashMap::computeIfAbsent (330 bytes)
Total: 1

VM state: at safepoint (normal execution)

VM Mutex/Monitor currently owned by a thread:  ([mutex/lock_event])
[0x00007fff70c83910] Threads_lock - owner thread: 0x00000201ec2816f0
[0x00007fff70c83a10] Heap_lock - owner thread: 0x00000201cc9d9930

Heap address: 0x0000000701000000, size: 4080 MB, Compressed Oops mode: Zero based, Oop shift amount: 3

CDS archive(s) mapped at: [0x0000020180000000-0x0000020180d70000-0x0000020180d70000), size 14090240, SharedBaseAddress: 0x0000020180000000, ArchiveRelocationMode: 1.
Compressed class space mapped at: 0x0000020181000000-0x00000201c1000000, reserved size: 1073741824
Narrow klass base: 0x0000020180000000, Narrow klass shift: 0, Narrow klass range: 0x41000000

GC Precious Log:
 CardTable entry size: 512
 Card Set container configuration: InlinePtr #cards 4 size 8 Array Of Cards #cards 16 size 48 Howl #buckets 8 coarsen threshold 3686 Howl Bitmap #cards 512 size 80 coarsen threshold 460 Card regions per heap region 1 cards per card region 4096
 CPUs: 12 total, 12 available
 Memory: 16315M
 Large Page Support: Disabled
 NUMA Support: Disabled
 Compressed Oops: Enabled (Zero based)
 Heap Region Size: 2M
 Heap Min Capacity: 8M
 Heap Initial Capacity: 256M
 Heap Max Capacity: 4080M
 Pre-touch: Disabled
 Parallel Workers: 10
 Concurrent Workers: 3
 Concurrent Refinement Workers: 10
 Periodic GC: Disabled

Heap:
 garbage-first heap   total reserved 4177920K, committed 524288K, used 364544K [0x0000000701000000, 0x0000000800000000)
  region size 2048K, 6 young (12288K), 6 survivors (12288K)
 Metaspace       used 5377K, committed 5568K, reserved 1114112K
  class space    used 468K, committed 576K, reserved 1048576K

Heap Regions: E=young(eden), S=young(survivor), O=old, HS=humongous(starts), HC=humongous(continues), CS=collection set, F=free, TAMS=top-at-mark-start, PB=parsable bottom
|   0|0x0000000701000000, 0x0000000701200000, 0x0000000701200000|100%| O|  |TAMS 0x0000000701200000| PB 0x0000000701000000| Untracked |  0
|   1|0x0000000701200000, 0x0000000701400000, 0x0000000701400000|100%| O|  |TAMS 0x0000000701400000| PB 0x0000000701200000| Untracked |  0
|   2|0x0000000701400000, 0x0000000701600000, 0x0000000701600000|100%| O|  |TAMS 0x0000000701600000| PB 0x0000000701400000| Untracked |  0
|   3|0x0000000701600000, 0x0000000701800000, 0x0000000701800000|100%| O|  |TAMS 0x0000000701800000| PB 0x0000000701600000| Untracked |  0
|   4|0x0000000701800000, 0x0000000701a00000, 0x0000000701a00000|100%| O|  |TAMS 0x0000000701a00000| PB 0x0000000701800000| Untracked |  0
|   5|0x0000000701a00000, 0x0000000701c00000, 0x0000000701c00000|100%| O|  |TAMS 0x0000000701c00000| PB 0x0000000701a00000| Untracked |  0
|   6|0x0000000701c00000, 0x0000000701e00000, 0x0000000701e00000|100%| O|  |TAMS 0x0000000701e00000| PB 0x0000000701c00000| Untracked |  0
|   7|0x0000000701e00000, 0x0000000702000000, 0x0000000702000000|100%| O|  |TAMS 0x0000000701e00000| PB 0x0000000701e00000| Untracked |  0
|   8|0x0000000702000000, 0x0000000702200000, 0x0000000702200000|100%| O|  |TAMS 0x0000000702000000| PB 0x0000000702000000| Untracked |  0
|   9|0x0000000702200000, 0x0000000702400000, 0x0000000702400000|100%| O|  |TAMS 0x0000000702400000| PB 0x0000000702200000| Untracked |  0
|  10|0x0000000702400000, 0x0000000702600000, 0x0000000702600000|100%| O|  |TAMS 0x0000000702600000| PB 0x0000000702400000| Untracked |  0
|  11|0x0000000702600000, 0x0000000702800000, 0x0000000702800000|100%| O|  |TAMS 0x0000000702800000| PB 0x0000000702600000| Untracked |  0
|  12|0x0000000702800000, 0x0000000702a00000, 0x0000000702a00000|100%| O|  |TAMS 0x0000000702a00000| PB 0x0000000702800000| Untracked |  0
|  13|0x0000000702a00000, 0x0000000702c00000, 0x0000000702c00000|100%| O|  |TAMS 0x0000000702c00000| PB 0x0000000702a00000| Untracked |  0
|  14|0x0000000702c00000, 0x0000000702e00000, 0x0000000702e00000|100%| O|  |TAMS 0x0000000702e00000| PB 0x0000000702c00000| Untracked |  0
|  15|0x0000000702e00000, 0x0000000703000000, 0x0000000703000000|100%| O|  |TAMS 0x0000000703000000| PB 0x0000000702e00000| Untracked |  0
|  16|0x0000000703000000, 0x0000000703200000, 0x0000000703200000|100%| O|  |TAMS 0x0000000703200000| PB 0x0000000703000000| Untracked |  0
|  17|0x0000000703200000, 0x0000000703400000, 0x0000000703400000|100%| O|  |TAMS 0x0000000703400000| PB 0x0000000703200000| Untracked |  0
|  18|0x0000000703400000, 0x0000000703600000, 0x0000000703600000|100%| O|  |TAMS 0x0000000703400000| PB 0x0000000703400000| Untracked |  0
|  19|0x0000000703600000, 0x0000000703800000, 0x0000000703800000|100%| O|  |TAMS 0x0000000703600000| PB 0x0000000703600000| Untracked |  0
|  20|0x0000000703800000, 0x0000000703a00000, 0x0000000703a00000|100%| O|  |TAMS 0x0000000703a00000| PB 0x0000000703800000| Untracked |  0
|  21|0x0000000703a00000, 0x0000000703c00000, 0x0000000703c00000|100%| O|  |TAMS 0x0000000703c00000| PB 0x0000000703a00000| Untracked |  0
|  22|0x0000000703c00000, 0x0000000703e00000, 0x0000000703e00000|100%| O|  |TAMS 0x0000000703e00000| PB 0x0000000703c00000| Untracked |  0
|  23|0x0000000703e00000, 0x0000000704000000, 0x0000000704000000|100%| O|  |TAMS 0x0000000704000000| PB 0x0000000703e00000| Untracked |  0
|  24|0x0000000704000000, 0x0000000704200000, 0x0000000704200000|100%| O|  |TAMS 0x0000000704200000| PB 0x0000000704000000| Untracked |  0
|  25|0x0000000704200000, 0x0000000704400000, 0x0000000704400000|100%| O|  |TAMS 0x0000000704400000| PB 0x0000000704200000| Untracked |  0
|  26|0x0000000704400000, 0x0000000704600000, 0x0000000704600000|100%| O|  |TAMS 0x0000000704600000| PB 0x0000000704400000| Untracked |  0
|  27|0x0000000704600000, 0x0000000704800000, 0x0000000704800000|100%| O|  |TAMS 0x0000000704800000| PB 0x0000000704600000| Untracked |  0
|  28|0x0000000704800000, 0x0000000704a00000, 0x0000000704a00000|100%| O|  |TAMS 0x0000000704a00000| PB 0x0000000704800000| Untracked |  0
|  29|0x0000000704a00000, 0x0000000704c00000, 0x0000000704c00000|100%| O|  |TAMS 0x0000000704c00000| PB 0x0000000704a00000| Untracked |  0
|  30|0x0000000704c00000, 0x0000000704e00000, 0x0000000704e00000|100%| O|  |TAMS 0x0000000704e00000| PB 0x0000000704c00000| Untracked |  0
|  31|0x0000000704e00000, 0x0000000705000000, 0x0000000705000000|100%| O|  |TAMS 0x0000000704e00000| PB 0x0000000704e00000| Untracked |  0
|  32|0x0000000705000000, 0x0000000705200000, 0x0000000705200000|100%| O|  |TAMS 0x0000000705000000| PB 0x0000000705000000| Untracked |  0
|  33|0x0000000705200000, 0x0000000705400000, 0x0000000705400000|100%| O|  |TAMS 0x0000000705400000| PB 0x0000000705200000| Untracked |  0
|  34|0x0000000705400000, 0x0000000705600000, 0x0000000705600000|100%| O|  |TAMS 0x0000000705600000| PB 0x0000000705400000| Untracked |  0
|  35|0x0000000705600000, 0x0000000705800000, 0x0000000705800000|100%| O|  |TAMS 0x0000000705800000| PB 0x0000000705600000| Untracked |  0
|  36|0x0000000705800000, 0x0000000705a00000, 0x0000000705a00000|100%| O|  |TAMS 0x0000000705a00000| PB 0x0000000705800000| Untracked |  0
|  37|0x0000000705a00000, 0x0000000705c00000, 0x0000000705c00000|100%| O|  |TAMS 0x0000000705c00000| PB 0x0000000705a00000| Untracked |  0
|  38|0x0000000705c00000, 0x0000000705e00000, 0x0000000705e00000|100%| O|  |TAMS 0x0000000705e00000| PB 0x0000000705c00000| Untracked |  0
|  39|0x0000000705e00000, 0x0000000706000000, 0x0000000706000000|100%| O|  |TAMS 0x0000000706000000| PB 0x0000000705e00000| Untracked |  0
|  40|0x0000000706000000, 0x0000000706200000, 0x0000000706200000|100%| O|  |TAMS 0x0000000706200000| PB 0x0000000706000000| Untracked |  0
|  41|0x0000000706200000, 0x0000000706400000, 0x0000000706400000|100%| O|  |TAMS 0x0000000706400000| PB 0x0000000706200000| Untracked |  0
|  42|0x0000000706400000, 0x0000000706600000, 0x0000000706600000|100%| O|  |TAMS 0x0000000706600000| PB 0x0000000706400000| Untracked |  0
|  43|0x0000000706600000, 0x0000000706800000, 0x0000000706800000|100%| O|  |TAMS 0x0000000706800000| PB 0x0000000706600000| Untracked |  0
|  44|0x0000000706800000, 0x0000000706a00000, 0x0000000706a00000|100%| O|  |TAMS 0x0000000706a00000| PB 0x0000000706800000| Untracked |  0
|  45|0x0000000706a00000, 0x0000000706c00000, 0x0000000706c00000|100%| O|  |TAMS 0x0000000706c00000| PB 0x0000000706a00000| Untracked |  0
|  46|0x0000000706c00000, 0x0000000706e00000, 0x0000000706e00000|100%| O|  |TAMS 0x0000000706e00000| PB 0x0000000706c00000| Untracked |  0
|  47|0x0000000706e00000, 0x0000000707000000, 0x0000000707000000|100%| O|  |TAMS 0x0000000706e00000| PB 0x0000000706e00000| Untracked |  0
|  48|0x0000000707000000, 0x0000000707200000, 0x0000000707200000|100%| O|  |TAMS 0x0000000707000000| PB 0x0000000707000000| Untracked |  0
|  49|0x0000000707200000, 0x0000000707400000, 0x0000000707400000|100%| O|  |TAMS 0x0000000707400000| PB 0x0000000707200000| Untracked |  0
|  50|0x0000000707400000, 0x0000000707600000, 0x0000000707600000|100%| O|  |TAMS 0x0000000707600000| PB 0x0000000707400000| Untracked |  0
|  51|0x0000000707600000, 0x0000000707800000, 0x0000000707800000|100%| O|  |TAMS 0x0000000707800000| PB 0x0000000707600000| Untracked |  0
|  52|0x0000000707800000, 0x0000000707a00000, 0x0000000707a00000|100%| O|  |TAMS 0x0000000707a00000| PB 0x0000000707800000| Untracked |  0
|  53|0x0000000707a00000, 0x0000000707c00000, 0x0000000707c00000|100%| O|  |TAMS 0x0000000707c00000| PB 0x0000000707a00000| Untracked |  0
|  54|0x0000000707c00000, 0x0000000707e00000, 0x0000000707e00000|100%| O|  |TAMS 0x0000000707e00000| PB 0x0000000707c00000| Untracked |  0
|  55|0x0000000707e00000, 0x0000000708000000, 0x0000000708000000|100%| O|  |TAMS 0x0000000708000000| PB 0x0000000707e00000| Untracked |  0
|  56|0x0000000708000000, 0x0000000708200000, 0x0000000708200000|100%| O|  |TAMS 0x0000000708200000| PB 0x0000000708000000| Untracked |  0
|  57|0x0000000708200000, 0x0000000708400000, 0x0000000708400000|100%| O|  |TAMS 0x0000000708400000| PB 0x0000000708200000| Untracked |  0
|  58|0x0000000708400000, 0x0000000708600000, 0x0000000708600000|100%| O|  |TAMS 0x0000000708600000| PB 0x0000000708400000| Untracked |  0
|  59|0x0000000708600000, 0x0000000708800000, 0x0000000708800000|100%| O|  |TAMS 0x0000000708800000| PB 0x0000000708600000| Untracked |  0
|  60|0x0000000708800000, 0x0000000708a00000, 0x0000000708a00000|100%| O|  |TAMS 0x0000000708a00000| PB 0x0000000708800000| Untracked |  0
|  61|0x0000000708a00000, 0x0000000708c00000, 0x0000000708c00000|100%| O|  |TAMS 0x0000000708c00000| PB 0x0000000708a00000| Untracked |  0
|  62|0x0000000708c00000, 0x0000000708e00000, 0x0000000708e00000|100%| O|  |TAMS 0x0000000708e00000| PB 0x0000000708c00000| Untracked |  0
|  63|0x0000000708e00000, 0x0000000709000000, 0x0000000709000000|100%| O|  |TAMS 0x0000000709000000| PB 0x0000000708e00000| Untracked |  0
|  64|0x0000000709000000, 0x0000000709200000, 0x0000000709200000|100%| O|  |TAMS 0x0000000709200000| PB 0x0000000709000000| Untracked |  0
|  65|0x0000000709200000, 0x0000000709400000, 0x0000000709400000|100%| O|  |TAMS 0x0000000709400000| PB 0x0000000709200000| Untracked |  0
|  66|0x0000000709400000, 0x0000000709600000, 0x0000000709600000|100%| O|  |TAMS 0x0000000709600000| PB 0x0000000709400000| Untracked |  0
|  67|0x0000000709600000, 0x0000000709800000, 0x0000000709800000|100%| O|  |TAMS 0x0000000709600000| PB 0x0000000709600000| Untracked |  0
|  68|0x0000000709800000, 0x0000000709a00000, 0x0000000709a00000|100%| O|  |TAMS 0x0000000709a00000| PB 0x0000000709800000| Untracked |  0
|  69|0x0000000709a00000, 0x0000000709c00000, 0x0000000709c00000|100%| O|  |TAMS 0x0000000709a00000| PB 0x0000000709a00000| Untracked |  0
|  70|0x0000000709c00000, 0x0000000709e00000, 0x0000000709e00000|100%| O|  |TAMS 0x0000000709e00000| PB 0x0000000709c00000| Untracked |  0
|  71|0x0000000709e00000, 0x000000070a000000, 0x000000070a000000|100%| O|  |TAMS 0x000000070a000000| PB 0x0000000709e00000| Untracked |  0
|  72|0x000000070a000000, 0x000000070a200000, 0x000000070a200000|100%| O|  |TAMS 0x000000070a200000| PB 0x000000070a000000| Untracked |  0
|  73|0x000000070a200000, 0x000000070a400000, 0x000000070a400000|100%| O|  |TAMS 0x000000070a400000| PB 0x000000070a200000| Untracked |  0
|  74|0x000000070a400000, 0x000000070a600000, 0x000000070a600000|100%| O|  |TAMS 0x000000070a600000| PB 0x000000070a400000| Untracked |  0
|  75|0x000000070a600000, 0x000000070a800000, 0x000000070a800000|100%| O|  |TAMS 0x000000070a800000| PB 0x000000070a600000| Untracked |  0
|  76|0x000000070a800000, 0x000000070aa00000, 0x000000070aa00000|100%| O|  |TAMS 0x000000070aa00000| PB 0x000000070a800000| Untracked |  0
|  77|0x000000070aa00000, 0x000000070ac00000, 0x000000070ac00000|100%| O|  |TAMS 0x000000070ac00000| PB 0x000000070aa00000| Untracked |  0
|  78|0x000000070ac00000, 0x000000070ae00000, 0x000000070ae00000|100%| O|  |TAMS 0x000000070ae00000| PB 0x000000070ac00000| Untracked |  0
|  79|0x000000070ae00000, 0x000000070b000000, 0x000000070b000000|100%| O|  |TAMS 0x000000070af00000| PB 0x000000070ae00000| Untracked |  0
|  80|0x000000070b000000, 0x000000070b200000, 0x000000070b200000|100%| O|  |TAMS 0x000000070b000000| PB 0x000000070b000000| Untracked |  0
|  81|0x000000070b200000, 0x000000070b400000, 0x000000070b400000|100%|HS|  |TAMS 0x000000070b200000| PB 0x000000070b200000| Complete |  0
|  82|0x000000070b400000, 0x000000070b600000, 0x000000070b600000|100%| O|  |TAMS 0x000000070b400000| PB 0x000000070b400000| Untracked |  0
|  83|0x000000070b600000, 0x000000070b800000, 0x000000070b800000|100%| O|  |TAMS 0x000000070b600000| PB 0x000000070b600000| Untracked |  0
|  84|0x000000070b800000, 0x000000070ba00000, 0x000000070ba00000|100%| O|  |TAMS 0x000000070b800000| PB 0x000000070b800000| Untracked |  0
|  85|0x000000070ba00000, 0x000000070bc00000, 0x000000070bc00000|100%| O|  |TAMS 0x000000070ba00000| PB 0x000000070ba00000| Untracked |  0
|  86|0x000000070bc00000, 0x000000070be00000, 0x000000070be00000|100%| O|  |TAMS 0x000000070bc00000| PB 0x000000070bc00000| Untracked |  0
|  87|0x000000070be00000, 0x000000070c000000, 0x000000070c000000|100%| O|  |TAMS 0x000000070be00000| PB 0x000000070be00000| Untracked |  0
|  88|0x000000070c000000, 0x000000070c200000, 0x000000070c200000|100%| O|  |TAMS 0x000000070c200000| PB 0x000000070c000000| Untracked |  0
|  89|0x000000070c200000, 0x000000070c400000, 0x000000070c400000|100%| O|  |TAMS 0x000000070c400000| PB 0x000000070c200000| Untracked |  0
|  90|0x000000070c400000, 0x000000070c600000, 0x000000070c600000|100%| O|  |TAMS 0x000000070c600000| PB 0x000000070c400000| Untracked |  0
|  91|0x000000070c600000, 0x000000070c800000, 0x000000070c800000|100%| O|  |TAMS 0x000000070c800000| PB 0x000000070c600000| Untracked |  0
|  92|0x000000070c800000, 0x000000070ca00000, 0x000000070ca00000|100%| O|  |TAMS 0x000000070ca00000| PB 0x000000070c800000| Untracked |  0
|  93|0x000000070ca00000, 0x000000070cc00000, 0x000000070cc00000|100%| O|  |TAMS 0x000000070cc00000| PB 0x000000070ca00000| Untracked |  0
|  94|0x000000070cc00000, 0x000000070ce00000, 0x000000070ce00000|100%| O|  |TAMS 0x000000070ce00000| PB 0x000000070cc00000| Untracked |  0
|  95|0x000000070ce00000, 0x000000070d000000, 0x000000070d000000|100%| O|  |TAMS 0x000000070d000000| PB 0x000000070ce00000| Untracked |  0
|  96|0x000000070d000000, 0x000000070d200000, 0x000000070d200000|100%| O|  |TAMS 0x000000070d200000| PB 0x000000070d000000| Untracked |  0
|  97|0x000000070d200000, 0x000000070d400000, 0x000000070d400000|100%| O|  |TAMS 0x000000070d400000| PB 0x000000070d200000| Untracked |  0
|  98|0x000000070d400000, 0x000000070d600000, 0x000000070d600000|100%| O|  |TAMS 0x000000070d600000| PB 0x000000070d400000| Untracked |  0
|  99|0x000000070d600000, 0x000000070d800000, 0x000000070d800000|100%| O|  |TAMS 0x000000070d800000| PB 0x000000070d600000| Untracked |  0
| 100|0x000000070d800000, 0x000000070da00000, 0x000000070da00000|100%| O|  |TAMS 0x000000070da00000| PB 0x000000070d800000| Untracked |  0
| 101|0x000000070da00000, 0x000000070dc00000, 0x000000070dc00000|100%| O|  |TAMS 0x000000070dc00000| PB 0x000000070da00000| Untracked |  0
| 102|0x000000070dc00000, 0x000000070de00000, 0x000000070de00000|100%| O|  |TAMS 0x000000070de00000| PB 0x000000070dc00000| Untracked |  0
| 103|0x000000070de00000, 0x000000070e000000, 0x000000070e000000|100%| O|  |TAMS 0x000000070e000000| PB 0x000000070de00000| Untracked |  0
| 104|0x000000070e000000, 0x000000070e200000, 0x000000070e200000|100%| O|  |TAMS 0x000000070e200000| PB 0x000000070e000000| Untracked |  0
| 105|0x000000070e200000, 0x000000070e400000, 0x000000070e400000|100%| O|  |TAMS 0x000000070e400000| PB 0x000000070e200000| Untracked |  0
| 106|0x000000070e400000, 0x000000070e600000, 0x000000070e600000|100%| O|  |TAMS 0x000000070e600000| PB 0x000000070e400000| Untracked |  0
| 107|0x000000070e600000, 0x000000070e800000, 0x000000070e800000|100%| O|  |TAMS 0x000000070e800000| PB 0x000000070e600000| Untracked |  0
| 108|0x000000070e800000, 0x000000070ea00000, 0x000000070ea00000|100%| O|  |TAMS 0x000000070ea00000| PB 0x000000070e800000| Untracked |  0
| 109|0x000000070ea00000, 0x000000070ec00000, 0x000000070ec00000|100%| O|  |TAMS 0x000000070ec00000| PB 0x000000070ea00000| Untracked |  0
| 110|0x000000070ec00000, 0x000000070ee00000, 0x000000070ee00000|100%| O|  |TAMS 0x000000070ee00000| PB 0x000000070ec00000| Untracked |  0
| 111|0x000000070ee00000, 0x000000070f000000, 0x000000070f000000|100%| O|  |TAMS 0x000000070f000000| PB 0x000000070ee00000| Untracked |  0
| 112|0x000000070f000000, 0x000000070f200000, 0x000000070f200000|100%| O|  |TAMS 0x000000070f200000| PB 0x000000070f000000| Untracked |  0
| 113|0x000000070f200000, 0x000000070f400000, 0x000000070f400000|100%| O|  |TAMS 0x000000070f400000| PB 0x000000070f200000| Untracked |  0
| 114|0x000000070f400000, 0x000000070f600000, 0x000000070f600000|100%| O|  |TAMS 0x000000070f600000| PB 0x000000070f400000| Untracked |  0
| 115|0x000000070f600000, 0x000000070f800000, 0x000000070f800000|100%| O|  |TAMS 0x000000070f800000| PB 0x000000070f600000| Untracked |  0
| 116|0x000000070f800000, 0x000000070fa00000, 0x000000070fa00000|100%| O|  |TAMS 0x000000070fa00000| PB 0x000000070f800000| Untracked |  0
| 117|0x000000070fa00000, 0x000000070fc00000, 0x000000070fc00000|100%| O|  |TAMS 0x000000070fc00000| PB 0x000000070fa00000| Untracked |  0
| 118|0x000000070fc00000, 0x000000070fe00000, 0x000000070fe00000|100%| O|  |TAMS 0x000000070fe00000| PB 0x000000070fc00000| Untracked |  0
| 119|0x000000070fe00000, 0x0000000710000000, 0x0000000710000000|100%| O|  |TAMS 0x0000000710000000| PB 0x000000070fe00000| Untracked |  0
| 120|0x0000000710000000, 0x0000000710200000, 0x0000000710200000|100%| O|  |TAMS 0x0000000710200000| PB 0x0000000710000000| Untracked |  0
| 121|0x0000000710200000, 0x0000000710400000, 0x0000000710400000|100%| O|  |TAMS 0x0000000710400000| PB 0x0000000710200000| Untracked |  0
| 122|0x0000000710400000, 0x0000000710600000, 0x0000000710600000|100%| O|  |TAMS 0x0000000710600000| PB 0x0000000710400000| Untracked |  0
| 123|0x0000000710600000, 0x0000000710800000, 0x0000000710800000|100%| O|  |TAMS 0x0000000710800000| PB 0x0000000710600000| Untracked |  0
| 124|0x0000000710800000, 0x0000000710a00000, 0x0000000710a00000|100%| O|  |TAMS 0x0000000710a00000| PB 0x0000000710800000| Untracked |  0
| 125|0x0000000710a00000, 0x0000000710c00000, 0x0000000710c00000|100%| O|  |TAMS 0x0000000710c00000| PB 0x0000000710a00000| Untracked |  0
| 126|0x0000000710c00000, 0x0000000710e00000, 0x0000000710e00000|100%| O|  |TAMS 0x0000000710e00000| PB 0x0000000710c00000| Untracked |  0
| 127|0x0000000710e00000, 0x0000000711000000, 0x0000000711000000|100%| O|  |TAMS 0x0000000711000000| PB 0x0000000710e00000| Untracked |  0
| 128|0x0000000711000000, 0x0000000711200000, 0x0000000711200000|100%| O|  |TAMS 0x0000000711200000| PB 0x0000000711000000| Untracked |  0
| 129|0x0000000711200000, 0x0000000711400000, 0x0000000711400000|100%| O|  |TAMS 0x0000000711400000| PB 0x0000000711200000| Untracked |  0
| 130|0x0000000711400000, 0x0000000711600000, 0x0000000711600000|100%| O|  |TAMS 0x0000000711600000| PB 0x0000000711400000| Untracked |  0
| 131|0x0000000711600000, 0x0000000711800000, 0x0000000711800000|100%| O|  |TAMS 0x0000000711800000| PB 0x0000000711600000| Untracked |  0
| 132|0x0000000711800000, 0x0000000711a00000, 0x0000000711a00000|100%| O|  |TAMS 0x0000000711a00000| PB 0x0000000711800000| Untracked |  0
| 133|0x0000000711a00000, 0x0000000711c00000, 0x0000000711c00000|100%| O|  |TAMS 0x0000000711c00000| PB 0x0000000711a00000| Untracked |  0
| 134|0x0000000711c00000, 0x0000000711e00000, 0x0000000711e00000|100%| O|  |TAMS 0x0000000711e00000| PB 0x0000000711c00000| Untracked |  0
| 135|0x0000000711e00000, 0x0000000712000000, 0x0000000712000000|100%| O|  |TAMS 0x0000000712000000| PB 0x0000000711e00000| Untracked |  0
| 136|0x0000000712000000, 0x0000000712200000, 0x0000000712200000|100%| O|  |TAMS 0x0000000712200000| PB 0x0000000712000000| Untracked |  0
| 137|0x0000000712200000, 0x0000000712400000, 0x0000000712400000|100%| O|  |TAMS 0x0000000712400000| PB 0x0000000712200000| Untracked |  0
| 138|0x0000000712400000, 0x0000000712600000, 0x0000000712600000|100%| O|  |TAMS 0x0000000712600000| PB 0x0000000712400000| Untracked |  0
| 139|0x0000000712600000, 0x0000000712800000, 0x0000000712800000|100%| O|  |TAMS 0x0000000712800000| PB 0x0000000712600000| Untracked |  0
| 140|0x0000000712800000, 0x0000000712a00000, 0x0000000712a00000|100%| O|  |TAMS 0x0000000712a00000| PB 0x0000000712800000| Untracked |  0
| 141|0x0000000712a00000, 0x0000000712c00000, 0x0000000712c00000|100%| O|  |TAMS 0x0000000712c00000| PB 0x0000000712a00000| Untracked |  0
| 142|0x0000000712c00000, 0x0000000712e00000, 0x0000000712e00000|100%| O|  |TAMS 0x0000000712e00000| PB 0x0000000712c00000| Untracked |  0
| 143|0x0000000712e00000, 0x0000000713000000, 0x0000000713000000|100%| O|  |TAMS 0x0000000713000000| PB 0x0000000712e00000| Untracked |  0
| 144|0x0000000713000000, 0x0000000713200000, 0x0000000713200000|100%| O|  |TAMS 0x0000000713200000| PB 0x0000000713000000| Untracked |  0
| 145|0x0000000713200000, 0x0000000713400000, 0x0000000713400000|100%| O|  |TAMS 0x0000000713400000| PB 0x0000000713200000| Untracked |  0
| 146|0x0000000713400000, 0x0000000713600000, 0x0000000713600000|100%| O|  |TAMS 0x0000000713600000| PB 0x0000000713400000| Untracked |  0
| 147|0x0000000713600000, 0x0000000713800000, 0x0000000713800000|100%| O|  |TAMS 0x0000000713800000| PB 0x0000000713600000| Untracked |  0
| 148|0x0000000713800000, 0x0000000713a00000, 0x0000000713a00000|100%| O|  |TAMS 0x0000000713a00000| PB 0x0000000713800000| Untracked |  0
| 149|0x0000000713a00000, 0x0000000713c00000, 0x0000000713c00000|100%| O|  |TAMS 0x0000000713c00000| PB 0x0000000713a00000| Untracked |  0
| 150|0x0000000713c00000, 0x0000000713e00000, 0x0000000713e00000|100%| O|  |TAMS 0x0000000713e00000| PB 0x0000000713c00000| Untracked |  0
| 151|0x0000000713e00000, 0x0000000714000000, 0x0000000714000000|100%| O|  |TAMS 0x0000000714000000| PB 0x0000000713e00000| Untracked |  0
| 152|0x0000000714000000, 0x0000000714200000, 0x0000000714200000|100%| O|  |TAMS 0x0000000714200000| PB 0x0000000714000000| Untracked |  0
| 153|0x0000000714200000, 0x0000000714400000, 0x0000000714400000|100%| O|  |TAMS 0x0000000714400000| PB 0x0000000714200000| Untracked |  0
| 154|0x0000000714400000, 0x0000000714600000, 0x0000000714600000|100%| O|  |TAMS 0x0000000714600000| PB 0x0000000714400000| Untracked |  0
| 155|0x0000000714600000, 0x0000000714800000, 0x0000000714800000|100%| O|  |TAMS 0x0000000714800000| PB 0x0000000714600000| Untracked |  0
| 156|0x0000000714800000, 0x0000000714a00000, 0x0000000714a00000|100%| O|  |TAMS 0x0000000714a00000| PB 0x0000000714800000| Untracked |  0
| 157|0x0000000714a00000, 0x0000000714c00000, 0x0000000714c00000|100%| O|  |TAMS 0x0000000714c00000| PB 0x0000000714a00000| Untracked |  0
| 158|0x0000000714c00000, 0x0000000714e00000, 0x0000000714e00000|100%| O|  |TAMS 0x0000000714e00000| PB 0x0000000714c00000| Untracked |  0
| 159|0x0000000714e00000, 0x0000000715000000, 0x0000000715000000|100%| O|  |TAMS 0x0000000715000000| PB 0x0000000714e00000| Untracked |  0
| 160|0x0000000715000000, 0x0000000715200000, 0x0000000715200000|100%| O|  |TAMS 0x0000000715200000| PB 0x0000000715000000| Untracked |  0
| 161|0x0000000715200000, 0x0000000715400000, 0x0000000715400000|100%| O|  |TAMS 0x0000000715400000| PB 0x0000000715200000| Untracked |  0
| 162|0x0000000715400000, 0x0000000715600000, 0x0000000715600000|100%| O|  |TAMS 0x0000000715600000| PB 0x0000000715400000| Untracked |  0
| 163|0x0000000715600000, 0x0000000715800000, 0x0000000715800000|100%| O|  |TAMS 0x0000000715800000| PB 0x0000000715600000| Untracked |  0
| 164|0x0000000715800000, 0x0000000715a00000, 0x0000000715a00000|100%| O|  |TAMS 0x0000000715a00000| PB 0x0000000715800000| Untracked |  0
| 165|0x0000000715a00000, 0x0000000715c00000, 0x0000000715c00000|100%| O|  |TAMS 0x0000000715c00000| PB 0x0000000715a00000| Untracked |  0
| 166|0x0000000715c00000, 0x0000000715e00000, 0x0000000715e00000|100%| O|  |TAMS 0x0000000715e00000| PB 0x0000000715c00000| Untracked |  0
| 167|0x0000000715e00000, 0x0000000716000000, 0x0000000716000000|100%| O|  |TAMS 0x0000000716000000| PB 0x0000000715e00000| Untracked |  0
| 168|0x0000000716000000, 0x0000000716200000, 0x0000000716200000|100%| O|  |TAMS 0x0000000716200000| PB 0x0000000716000000| Untracked |  0
| 169|0x0000000716200000, 0x0000000716400000, 0x0000000716400000|100%| O|  |TAMS 0x0000000716400000| PB 0x0000000716200000| Untracked |  0
| 170|0x0000000716400000, 0x0000000716600000, 0x0000000716600000|100%| O|  |TAMS 0x0000000716600000| PB 0x0000000716400000| Untracked |  0
| 171|0x0000000716600000, 0x0000000716800000, 0x0000000716800000|100%| O|  |TAMS 0x0000000716600000| PB 0x0000000716600000| Untracked |  0
| 172|0x0000000716800000, 0x0000000716800000, 0x0000000716a00000|  0%| F|  |TAMS 0x0000000716800000| PB 0x0000000716800000| Untracked |  0
| 173|0x0000000716a00000, 0x0000000716a00000, 0x0000000716c00000|  0%| F|  |TAMS 0x0000000716a00000| PB 0x0000000716a00000| Untracked |  0
| 174|0x0000000716c00000, 0x0000000716c00000, 0x0000000716e00000|  0%| F|  |TAMS 0x0000000716c00000| PB 0x0000000716c00000| Untracked |  0
| 175|0x0000000716e00000, 0x0000000716e00000, 0x0000000717000000|  0%| F|  |TAMS 0x0000000716e00000| PB 0x0000000716e00000| Untracked |  0
| 176|0x0000000717000000, 0x0000000717000000, 0x0000000717200000|  0%| F|  |TAMS 0x0000000717000000| PB 0x0000000717000000| Untracked |  0
| 177|0x0000000717200000, 0x0000000717200000, 0x0000000717400000|  0%| F|  |TAMS 0x0000000717200000| PB 0x0000000717200000| Untracked |  0
| 178|0x0000000717400000, 0x0000000717400000, 0x0000000717600000|  0%| F|  |TAMS 0x0000000717400000| PB 0x0000000717400000| Untracked |  0
| 179|0x0000000717600000, 0x0000000717600000, 0x0000000717800000|  0%| F|  |TAMS 0x0000000717600000| PB 0x0000000717600000| Untracked |  0
| 180|0x0000000717800000, 0x0000000717800000, 0x0000000717a00000|  0%| F|  |TAMS 0x0000000717800000| PB 0x0000000717800000| Untracked |  0
| 181|0x0000000717a00000, 0x0000000717a00000, 0x0000000717c00000|  0%| F|  |TAMS 0x0000000717a00000| PB 0x0000000717a00000| Untracked |  0
| 182|0x0000000717c00000, 0x0000000717c00000, 0x0000000717e00000|  0%| F|  |TAMS 0x0000000717c00000| PB 0x0000000717c00000| Untracked |  0
| 183|0x0000000717e00000, 0x0000000717e00000, 0x0000000718000000|  0%| F|  |TAMS 0x0000000717e00000| PB 0x0000000717e00000| Untracked |  0
| 184|0x0000000718000000, 0x0000000718000000, 0x0000000718200000|  0%| F|  |TAMS 0x0000000718000000| PB 0x0000000718000000| Untracked |  0
| 185|0x0000000718200000, 0x0000000718200000, 0x0000000718400000|  0%| F|  |TAMS 0x0000000718200000| PB 0x0000000718200000| Untracked |  0
| 186|0x0000000718400000, 0x0000000718400000, 0x0000000718600000|  0%| F|  |TAMS 0x0000000718400000| PB 0x0000000718400000| Untracked |  0
| 187|0x0000000718600000, 0x0000000718600000, 0x0000000718800000|  0%| F|  |TAMS 0x0000000718600000| PB 0x0000000718600000| Untracked |  0
| 188|0x0000000718800000, 0x0000000718800000, 0x0000000718a00000|  0%| F|  |TAMS 0x0000000718800000| PB 0x0000000718800000| Untracked |  0
| 189|0x0000000718a00000, 0x0000000718a00000, 0x0000000718c00000|  0%| F|  |TAMS 0x0000000718a00000| PB 0x0000000718a00000| Untracked |  0
| 190|0x0000000718c00000, 0x0000000718c00000, 0x0000000718e00000|  0%| F|  |TAMS 0x0000000718c00000| PB 0x0000000718c00000| Untracked |  0
| 191|0x0000000718e00000, 0x0000000718e00000, 0x0000000719000000|  0%| F|  |TAMS 0x0000000718e00000| PB 0x0000000718e00000| Untracked |  0
| 192|0x0000000719000000, 0x0000000719000000, 0x0000000719200000|  0%| F|  |TAMS 0x0000000719000000| PB 0x0000000719000000| Untracked |  0
| 193|0x0000000719200000, 0x0000000719200000, 0x0000000719400000|  0%| F|  |TAMS 0x0000000719200000| PB 0x0000000719200000| Untracked |  0
| 194|0x0000000719400000, 0x0000000719400000, 0x0000000719600000|  0%| F|  |TAMS 0x0000000719400000| PB 0x0000000719400000| Untracked |  0
| 195|0x0000000719600000, 0x0000000719600000, 0x0000000719800000|  0%| F|  |TAMS 0x0000000719600000| PB 0x0000000719600000| Untracked |  0
| 196|0x0000000719800000, 0x0000000719800000, 0x0000000719a00000|  0%| F|  |TAMS 0x0000000719800000| PB 0x0000000719800000| Untracked |  0
| 197|0x0000000719a00000, 0x0000000719a00000, 0x0000000719c00000|  0%| F|  |TAMS 0x0000000719a00000| PB 0x0000000719a00000| Untracked |  0
| 198|0x0000000719c00000, 0x0000000719c00000, 0x0000000719e00000|  0%| F|  |TAMS 0x0000000719c00000| PB 0x0000000719c00000| Untracked |  0
| 199|0x0000000719e00000, 0x0000000719e00000, 0x000000071a000000|  0%| F|  |TAMS 0x0000000719e00000| PB 0x0000000719e00000| Untracked |  0
| 200|0x000000071a000000, 0x000000071a000000, 0x000000071a200000|  0%| F|  |TAMS 0x000000071a000000| PB 0x000000071a000000| Untracked |  0
| 201|0x000000071a200000, 0x000000071a200000, 0x000000071a400000|  0%| F|  |TAMS 0x000000071a200000| PB 0x000000071a200000| Untracked |  0
| 202|0x000000071a400000, 0x000000071a400000, 0x000000071a600000|  0%| F|  |TAMS 0x000000071a400000| PB 0x000000071a400000| Untracked |  0
| 203|0x000000071a600000, 0x000000071a600000, 0x000000071a800000|  0%| F|  |TAMS 0x000000071a600000| PB 0x000000071a600000| Untracked |  0
| 204|0x000000071a800000, 0x000000071a800000, 0x000000071aa00000|  0%| F|  |TAMS 0x000000071a800000| PB 0x000000071a800000| Untracked |  0
| 205|0x000000071aa00000, 0x000000071aa00000, 0x000000071ac00000|  0%| F|  |TAMS 0x000000071aa00000| PB 0x000000071aa00000| Untracked |  0
| 206|0x000000071ac00000, 0x000000071ac00000, 0x000000071ae00000|  0%| F|  |TAMS 0x000000071ac00000| PB 0x000000071ac00000| Untracked |  0
| 207|0x000000071ae00000, 0x000000071b000000, 0x000000071b000000|100%| S|CS|TAMS 0x000000071ae00000| PB 0x000000071ae00000| Complete |  0
| 208|0x000000071b000000, 0x000000071b200000, 0x000000071b200000|100%| S|CS|TAMS 0x000000071b000000| PB 0x000000071b000000| Complete |  0
| 209|0x000000071b200000, 0x000000071b400000, 0x000000071b400000|100%| S|CS|TAMS 0x000000071b200000| PB 0x000000071b200000| Complete |  0
| 210|0x000000071b400000, 0x000000071b600000, 0x000000071b600000|100%| S|CS|TAMS 0x000000071b400000| PB 0x000000071b400000| Complete |  0
| 211|0x000000071b600000, 0x000000071b600000, 0x000000071b800000|  0%| F|  |TAMS 0x000000071b600000| PB 0x000000071b600000| Untracked |  0
| 212|0x000000071b800000, 0x000000071b800000, 0x000000071ba00000|  0%| F|  |TAMS 0x000000071b800000| PB 0x000000071b800000| Untracked |  0
| 213|0x000000071ba00000, 0x000000071ba00000, 0x000000071bc00000|  0%| F|  |TAMS 0x000000071ba00000| PB 0x000000071ba00000| Untracked |  0
| 214|0x000000071bc00000, 0x000000071bc00000, 0x000000071be00000|  0%| F|  |TAMS 0x000000071bc00000| PB 0x000000071bc00000| Untracked |  0
| 215|0x000000071be00000, 0x000000071be00000, 0x000000071c000000|  0%| F|  |TAMS 0x000000071be00000| PB 0x000000071be00000| Untracked |  0
| 216|0x000000071c000000, 0x000000071c000000, 0x000000071c200000|  0%| F|  |TAMS 0x000000071c000000| PB 0x000000071c000000| Untracked |  0
| 217|0x000000071c200000, 0x000000071c400000, 0x000000071c400000|100%| S|CS|TAMS 0x000000071c200000| PB 0x000000071c200000| Complete |  0
| 218|0x000000071c400000, 0x000000071c600000, 0x000000071c600000|100%| S|CS|TAMS 0x000000071c400000| PB 0x000000071c400000| Complete |  0
| 219|0x000000071c600000, 0x000000071c600000, 0x000000071c800000|  0%| F|  |TAMS 0x000000071c600000| PB 0x000000071c600000| Untracked |  0
| 220|0x000000071c800000, 0x000000071c800000, 0x000000071ca00000|  0%| F|  |TAMS 0x000000071c800000| PB 0x000000071c800000| Untracked |  0
| 221|0x000000071ca00000, 0x000000071ca00000, 0x000000071cc00000|  0%| F|  |TAMS 0x000000071ca00000| PB 0x000000071ca00000| Untracked |  0
| 222|0x000000071cc00000, 0x000000071cc00000, 0x000000071ce00000|  0%| F|  |TAMS 0x000000071cc00000| PB 0x000000071cc00000| Untracked |  0
| 223|0x000000071ce00000, 0x000000071ce00000, 0x000000071d000000|  0%| F|  |TAMS 0x000000071ce00000| PB 0x000000071ce00000| Untracked |  0
| 224|0x000000071d000000, 0x000000071d000000, 0x000000071d200000|  0%| F|  |TAMS 0x000000071d000000| PB 0x000000071d000000| Untracked |  0
| 225|0x000000071d200000, 0x000000071d200000, 0x000000071d400000|  0%| F|  |TAMS 0x000000071d200000| PB 0x000000071d200000| Untracked |  0
| 226|0x000000071d400000, 0x000000071d400000, 0x000000071d600000|  0%| F|  |TAMS 0x000000071d400000| PB 0x000000071d400000| Untracked |  0
| 227|0x000000071d600000, 0x000000071d600000, 0x000000071d800000|  0%| F|  |TAMS 0x000000071d600000| PB 0x000000071d600000| Untracked |  0
| 228|0x000000071d800000, 0x000000071d800000, 0x000000071da00000|  0%| F|  |TAMS 0x000000071d800000| PB 0x000000071d800000| Untracked |  0
| 229|0x000000071da00000, 0x000000071da00000, 0x000000071dc00000|  0%| F|  |TAMS 0x000000071da00000| PB 0x000000071da00000| Untracked |  0
| 230|0x000000071dc00000, 0x000000071dc00000, 0x000000071de00000|  0%| F|  |TAMS 0x000000071dc00000| PB 0x000000071dc00000| Untracked |  0
| 231|0x000000071de00000, 0x000000071de00000, 0x000000071e000000|  0%| F|  |TAMS 0x000000071de00000| PB 0x000000071de00000| Untracked |  0
| 232|0x000000071e000000, 0x000000071e000000, 0x000000071e200000|  0%| F|  |TAMS 0x000000071e000000| PB 0x000000071e000000| Untracked |  0
| 233|0x000000071e200000, 0x000000071e200000, 0x000000071e400000|  0%| F|  |TAMS 0x000000071e200000| PB 0x000000071e200000| Untracked |  0
| 234|0x000000071e400000, 0x000000071e400000, 0x000000071e600000|  0%| F|  |TAMS 0x000000071e400000| PB 0x000000071e400000| Untracked |  0
| 235|0x000000071e600000, 0x000000071e600000, 0x000000071e800000|  0%| F|  |TAMS 0x000000071e600000| PB 0x000000071e600000| Untracked |  0
| 236|0x000000071e800000, 0x000000071e800000, 0x000000071ea00000|  0%| F|  |TAMS 0x000000071e800000| PB 0x000000071e800000| Untracked |  0
| 237|0x000000071ea00000, 0x000000071ea00000, 0x000000071ec00000|  0%| F|  |TAMS 0x000000071ea00000| PB 0x000000071ea00000| Untracked |  0
| 238|0x000000071ec00000, 0x000000071ec00000, 0x000000071ee00000|  0%| F|  |TAMS 0x000000071ec00000| PB 0x000000071ec00000| Untracked |  0
| 239|0x000000071ee00000, 0x000000071ee00000, 0x000000071f000000|  0%| F|  |TAMS 0x000000071ee00000| PB 0x000000071ee00000| Untracked |  0
| 240|0x000000071f000000, 0x000000071f000000, 0x000000071f200000|  0%| F|  |TAMS 0x000000071f000000| PB 0x000000071f000000| Untracked |  0
| 241|0x000000071f200000, 0x000000071f200000, 0x000000071f400000|  0%| F|  |TAMS 0x000000071f200000| PB 0x000000071f200000| Untracked |  0
| 242|0x000000071f400000, 0x000000071f400000, 0x000000071f600000|  0%| F|  |TAMS 0x000000071f400000| PB 0x000000071f400000| Untracked |  0
| 243|0x000000071f600000, 0x000000071f600000, 0x000000071f800000|  0%| F|  |TAMS 0x000000071f600000| PB 0x000000071f600000| Untracked |  0
| 244|0x000000071f800000, 0x000000071f800000, 0x000000071fa00000|  0%| F|  |TAMS 0x000000071f800000| PB 0x000000071f800000| Untracked |  0
| 245|0x000000071fa00000, 0x000000071fa00000, 0x000000071fc00000|  0%| F|  |TAMS 0x000000071fa00000| PB 0x000000071fa00000| Untracked |  0
| 246|0x000000071fc00000, 0x000000071fc00000, 0x000000071fe00000|  0%| F|  |TAMS 0x000000071fc00000| PB 0x000000071fc00000| Untracked |  0
| 247|0x000000071fe00000, 0x000000071fe00000, 0x0000000720000000|  0%| F|  |TAMS 0x000000071fe00000| PB 0x000000071fe00000| Untracked |  0
| 248|0x0000000720000000, 0x0000000720000000, 0x0000000720200000|  0%| F|  |TAMS 0x0000000720000000| PB 0x0000000720000000| Untracked |  0
| 249|0x0000000720200000, 0x0000000720200000, 0x0000000720400000|  0%| F|  |TAMS 0x0000000720200000| PB 0x0000000720200000| Untracked |  0
| 250|0x0000000720400000, 0x0000000720400000, 0x0000000720600000|  0%| F|  |TAMS 0x0000000720400000| PB 0x0000000720400000| Untracked |  0
| 251|0x0000000720600000, 0x0000000720600000, 0x0000000720800000|  0%| F|  |TAMS 0x0000000720600000| PB 0x0000000720600000| Untracked |  0
| 252|0x0000000720800000, 0x0000000720800000, 0x0000000720a00000|  0%| F|  |TAMS 0x0000000720800000| PB 0x0000000720800000| Untracked |  0
| 253|0x0000000720a00000, 0x0000000720a00000, 0x0000000720c00000|  0%| F|  |TAMS 0x0000000720a00000| PB 0x0000000720a00000| Untracked |  0
| 254|0x0000000720c00000, 0x0000000720c00000, 0x0000000720e00000|  0%| F|  |TAMS 0x0000000720c00000| PB 0x0000000720c00000| Untracked |  0
| 255|0x0000000720e00000, 0x0000000720e00000, 0x0000000721000000|  0%| F|  |TAMS 0x0000000720e00000| PB 0x0000000720e00000| Untracked |  0

Card table byte_map: [0x00000201e4e60000,0x00000201e5660000] _byte_map_base: 0x00000201e1658000

Marking Bits: (CMBitMap*) 0x00000201cca43500
 Bits: [0x00000201e5660000, 0x00000201e9620000)

Polling page: 0x00000201ca610000

Metaspace:

Usage:
  Non-class:      4.79 MB used.
      Class:    468.27 KB used.
       Both:      5.25 MB used.

Virtual space:
  Non-class space:       64.00 MB reserved,       4.88 MB (  8%) committed,  1 nodes.
      Class space:        1.00 GB reserved,     576.00 KB ( <1%) committed,  1 nodes.
             Both:        1.06 GB reserved,       5.44 MB ( <1%) committed. 

Chunk freelists:
   Non-Class:  8.53 MB
       Class:  15.35 MB
        Both:  23.88 MB

MaxMetaspaceSize: unlimited
CompressedClassSpaceSize: 1.00 GB
Initial GC threshold: 21.00 MB
Current GC threshold: 21.00 MB
CDS: on
 - commit_granule_bytes: 65536.
 - commit_granule_words: 8192.
 - virtual_space_node_default_size: 8388608.
 - enlarge_chunks_in_place: 1.
 - use_allocation_guard: 0.


Internal statistics:

num_allocs_failed_limit: 0.
num_arena_births: 32.
num_arena_deaths: 0.
num_vsnodes_births: 2.
num_vsnodes_deaths: 0.
num_space_committed: 87.
num_space_uncommitted: 0.
num_chunks_returned_to_freelist: 0.
num_chunks_taken_from_freelist: 169.
num_chunk_merges: 0.
num_chunk_splits: 147.
num_chunks_enlarged: 133.
num_inconsistent_stats: 0.

CodeHeap 'non-profiled nmethods': size=120064Kb used=688Kb max_used=688Kb free=119375Kb
 bounds [0x00000201dcbd0000, 0x00000201dce40000, 0x00000201e4110000]
CodeHeap 'profiled nmethods': size=120000Kb used=2113Kb max_used=2113Kb free=117886Kb
 bounds [0x00000201d5110000, 0x00000201d5380000, 0x00000201dc640000]
CodeHeap 'non-nmethods': size=5696Kb used=1372Kb max_used=1410Kb free=4323Kb
 bounds [0x00000201dc640000, 0x00000201dc8b0000, 0x00000201dcbd0000]
CodeCache: size=245760Kb, used=4173Kb, max_used=4211Kb, free=241584Kb
 total_blobs=1863, nmethods=1380, adapters=389, full_count=0
Compilation: enabled, stopped_count=0, restarted_count=0

Compilation events (20 events):
Event: 6.799 Thread 0x00000201ec2acf50 nmethod 1422 0x00000201dcc72408 code [0x00000201dcc72520, 0x00000201dcc72888]
Event: 6.799 Thread 0x00000201ec2acf50 1420       4       java.util.HashMap::computeIfAbsent (330 bytes)
Event: 6.839 Thread 0x00000201ec2acf50 nmethod 1420 0x00000201dcc72908 code [0x00000201dcc72b40, 0x00000201dcc743e8]
Event: 6.840 Thread 0x00000201ec2acf50 1389       4       java.util.Formatter$FormatSpecifier::print (912 bytes)
Event: 6.860 Thread 0x00000201ec2bcfe0 1432       3       java.util.HashMap::computeIfAbsent (330 bytes)
Event: 6.862 Thread 0x00000201ec2bcfe0 nmethod 1432 0x00000201d531ed08 code [0x00000201d531efa0, 0x00000201d53204d0]
Event: 6.884 Thread 0x00000201ec2acf50 nmethod 1389 0x00000201dcc74608 code [0x00000201dcc74820, 0x00000201dcc767f8]
Event: 6.885 Thread 0x00000201ec2acf50 1393       4       jdk.internal.math.DoubleToDecimal::toDecimal (385 bytes)
Event: 6.890 Thread 0x00000201ec2acf50 nmethod 1393 0x00000201dcc76988 code [0x00000201dcc76aa0, 0x00000201dcc76fd0]
Event: 6.890 Thread 0x00000201ec2acf50 1394       4       jdk.internal.math.DoubleToDecimal::toChars (161 bytes)
Event: 6.891 Thread 0x00000201ec2acf50 nmethod 1394 0x00000201dcc77088 code [0x00000201dcc77180, 0x00000201dcc772e0]
Event: 6.891 Thread 0x00000201ec2acf50 1391       4       jdk.internal.math.FormattedFPDecimal::valueOf (96 bytes)
Event: 6.906 Thread 0x00000201ec2acf50 nmethod 1391 0x00000201dcc77388 code [0x00000201dcc77520, 0x00000201dcc781f8]
Event: 6.906 Thread 0x00000201ec2acf50 1392       4       jdk.internal.math.DoubleToDecimal::toDecimal (220 bytes)
Event: 6.908 Thread 0x00000201ec2acf50 nmethod 1392 0x00000201dcc78308 code [0x00000201dcc78420, 0x00000201dcc78640]
Event: 6.908 Thread 0x00000201ec2acf50 1395       4       jdk.internal.math.FormattedFPDecimal::plain (22 bytes)
Event: 6.921 Thread 0x00000201ec2acf50 nmethod 1395 0x00000201dcc78688 code [0x00000201dcc787e0, 0x00000201dcc791c8]
Event: 6.921 Thread 0x00000201ec2acf50 1433       4       com.karkinos.MapCreator::processCoordinates (170 bytes)
Event: 6.974 Thread 0x00000201ec2acf50 nmethod 1433 0x00000201dcc79288 code [0x00000201dcc79580, 0x00000201dcc7bdd0]
Event: 6.974 Thread 0x00000201ec2acf50 1434       4       java.util.HashMap::computeIfAbsent (330 bytes)

GC Heap History (20 events):
Event: 1.139 GC heap after
{Heap after GC invocations=4 (full 0):
 garbage-first heap   total reserved 4177920K, committed 262144K, used 69632K [0x0000000701000000, 0x0000000800000000)
  region size 2048K, 3 young (6144K), 3 survivors (6144K)
 Metaspace       used 4614K, committed 4736K, reserved 1114112K
  class space    used 415K, committed 448K, reserved 1048576K
}
Event: 1.239 GC heap before
{Heap before GC invocations=4 (full 0):
 garbage-first heap   total reserved 4177920K, committed 262144K, used 122880K [0x0000000701000000, 0x0000000800000000)
  region size 2048K, 29 young (59392K), 3 survivors (6144K)
 Metaspace       used 4618K, committed 4736K, reserved 1114112K
  class space    used 415K, committed 448K, reserved 1048576K
}
Event: 1.259 GC heap after
{Heap after GC invocations=5 (full 0):
 garbage-first heap   total reserved 4177920K, committed 262144K, used 104448K [0x0000000701000000, 0x0000000800000000)
  region size 2048K, 4 young (8192K), 4 survivors (8192K)
 Metaspace       used 4618K, committed 4736K, reserved 1114112K
  class space    used 415K, committed 448K, reserved 1048576K
}
Event: 1.344 GC heap before
{Heap before GC invocations=5 (full 0):
 garbage-first heap   total reserved 4177920K, committed 262144K, used 165888K [0x0000000701000000, 0x0000000800000000)
  region size 2048K, 34 young (69632K), 4 survivors (8192K)
 Metaspace       used 4620K, committed 4736K, reserved 1114112K
  class space    used 416K, committed 448K, reserved 1048576K
}
Event: 1.375 GC heap after
{Heap after GC invocations=6 (full 0):
 garbage-first heap   total reserved 4177920K, committed 524288K, used 145331K [0x0000000701000000, 0x0000000800000000)
  region size 2048K, 5 young (10240K), 5 survivors (10240K)
 Metaspace       used 4620K, committed 4736K, reserved 1114112K
  class space    used 416K, committed 448K, reserved 1048576K
}
Event: 2.492 GC heap before
{Heap before GC invocations=6 (full 0):
 garbage-first heap   total reserved 4177920K, committed 524288K, used 223155K [0x0000000701000000, 0x0000000800000000)
  region size 2048K, 43 young (88064K), 5 survivors (10240K)
 Metaspace       used 5159K, committed 5312K, reserved 1114112K
  class space    used 459K, committed 576K, reserved 1048576K
}
Event: 2.512 GC heap after
{Heap after GC invocations=7 (full 0):
 garbage-first heap   total reserved 4177920K, committed 524288K, used 192512K [0x0000000701000000, 0x0000000800000000)
  region size 2048K, 6 young (12288K), 6 survivors (12288K)
 Metaspace       used 5159K, committed 5312K, reserved 1114112K
  class space    used 459K, committed 576K, reserved 1048576K
}
Event: 3.425 GC heap before
{Heap before GC invocations=7 (full 0):
 garbage-first heap   total reserved 4177920K, committed 524288K, used 239616K [0x0000000701000000, 0x0000000800000000)
  region size 2048K, 29 young (59392K), 6 survivors (12288K)
 Metaspace       used 5159K, committed 5312K, reserved 1114112K
  class space    used 459K, committed 576K, reserved 1048576K
}
Event: 3.437 GC heap after
{Heap after GC invocations=8 (full 0):
 garbage-first heap   total reserved 4177920K, committed 524288K, used 224815K [0x0000000701000000, 0x0000000800000000)
  region size 2048K, 4 young (8192K), 4 survivors (8192K)
 Metaspace       used 5159K, committed 5312K, reserved 1114112K
  class space    used 459K, committed 576K, reserved 1048576K
}
Event: 5.020 GC heap before
{Heap before GC invocations=8 (full 0):
 garbage-first heap   total reserved 4177920K, committed 524288K, used 345647K [0x0000000701000000, 0x0000000800000000)
  region size 2048K, 63 young (129024K), 4 survivors (8192K)
 Metaspace       used 5161K, committed 5376K, reserved 1114112K
  class space    used 459K, committed 576K, reserved 1048576K
}
Event: 5.050 GC heap after
{Heap after GC invocations=9 (full 0):
 garbage-first heap   total reserved 4177920K, committed 524288K, used 301056K [0x0000000701000000, 0x0000000800000000)
  region size 2048K, 8 young (16384K), 8 survivors (16384K)
 Metaspace       used 5161K, committed 5376K, reserved 1114112K
  class space    used 459K, committed 576K, reserved 1048576K
}
Event: 5.539 GC heap before
{Heap before GC invocations=9 (full 0):
 garbage-first heap   total reserved 4177920K, committed 524288K, used 393216K [0x0000000701000000, 0x0000000800000000)
  region size 2048K, 53 young (108544K), 8 survivors (16384K)
 Metaspace       used 5161K, committed 5376K, reserved 1114112K
  class space    used 459K, committed 576K, reserved 1048576K
}
Event: 5.568 GC heap after
{Heap after GC invocations=10 (full 0):
 garbage-first heap   total reserved 4177920K, committed 524288K, used 363520K [0x0000000701000000, 0x0000000800000000)
  region size 2048K, 7 young (14336K), 7 survivors (14336K)
 Metaspace       used 5161K, committed 5376K, reserved 1114112K
  class space    used 459K, committed 576K, reserved 1048576K
}
Event: 6.103 GC heap before
{Heap before GC invocations=11 (full 0):
 garbage-first heap   total reserved 4177920K, committed 524288K, used 293888K [0x0000000701000000, 0x0000000800000000)
  region size 2048K, 40 young (81920K), 7 survivors (14336K)
 Metaspace       used 5161K, committed 5376K, reserved 1114112K
  class space    used 459K, committed 576K, reserved 1048576K
}
Event: 6.119 GC heap after
{Heap after GC invocations=12 (full 0):
 garbage-first heap   total reserved 4177920K, committed 524288K, used 274432K [0x0000000701000000, 0x0000000800000000)
  region size 2048K, 5 young (10240K), 5 survivors (10240K)
 Metaspace       used 5161K, committed 5376K, reserved 1114112K
  class space    used 459K, committed 576K, reserved 1048576K
}
Event: 6.527 GC heap before
{Heap before GC invocations=12 (full 0):
 garbage-first heap   total reserved 4177920K, committed 524288K, used 376832K [0x0000000701000000, 0x0000000800000000)
  region size 2048K, 55 young (112640K), 5 survivors (10240K)
 Metaspace       used 5161K, committed 5376K, reserved 1114112K
  class space    used 459K, committed 576K, reserved 1048576K
}
Event: 6.549 GC heap after
{Heap after GC invocations=13 (full 0):
 garbage-first heap   total reserved 4177920K, committed 524288K, used 326656K [0x0000000701000000, 0x0000000800000000)
  region size 2048K, 7 young (14336K), 7 survivors (14336K)
 Metaspace       used 5161K, committed 5376K, reserved 1114112K
  class space    used 459K, committed 576K, reserved 1048576K
}
Event: 6.826 GC heap before
{Heap before GC invocations=13 (full 0):
 garbage-first heap   total reserved 4177920K, committed 524288K, used 406528K [0x0000000701000000, 0x0000000800000000)
  region size 2048K, 46 young (94208K), 7 survivors (14336K)
 Metaspace       used 5377K, committed 5568K, reserved 1114112K
  class space    used 468K, committed 576K, reserved 1048576K
}
Event: 6.837 GC heap after
{Heap after GC invocations=14 (full 0):
 garbage-first heap   total reserved 4177920K, committed 524288K, used 348160K [0x0000000701000000, 0x0000000800000000)
  region size 2048K, 6 young (12288K), 6 survivors (12288K)
 Metaspace       used 5377K, committed 5568K, reserved 1114112K
  class space    used 468K, committed 576K, reserved 1048576K
}
Event: 6.975 GC heap before
{Heap before GC invocations=14 (full 0):
 garbage-first heap   total reserved 4177920K, committed 524288K, used 425984K [0x0000000701000000, 0x0000000800000000)
  region size 2048K, 43 young (88064K), 6 survivors (12288K)
 Metaspace       used 5377K, committed 5568K, reserved 1114112K
  class space    used 468K, committed 576K, reserved 1048576K
}

Dll operation events (6 events):
Event: 0.007 Loaded shared library C:\Program Files\Java\jdk-23\bin\java.dll
Event: 0.115 Loaded shared library C:\Program Files\Java\jdk-23\bin\jsvml.dll
Event: 0.149 Loaded shared library C:\Program Files\Java\jdk-23\bin\net.dll
Event: 0.152 Loaded shared library C:\Program Files\Java\jdk-23\bin\nio.dll
Event: 0.158 Loaded shared library C:\Program Files\Java\jdk-23\bin\zip.dll
Event: 0.306 Loaded shared library C:\Program Files\Java\jdk-23\bin\jimage.dll

Deoptimization events (20 events):
Event: 6.577 Thread 0x00000201cc9d9930 Uncommon trap: trap_request=0xffffffde fr.pc=0x00000201dcc43390 relative=0x0000000000000150
Event: 6.577 Thread 0x00000201cc9d9930 Uncommon trap: reason=class_check action=maybe_recompile pc=0x00000201dcc43390 method=com.fasterxml.jackson.databind.node.ArrayNode.get(I)Lcom/fasterxml/jackson/databind/JsonNode; @ 27 c2
Event: 6.577 Thread 0x00000201cc9d9930 DEOPT PACKING pc=0x00000201dcc43390 sp=0x0000003636fff470
Event: 6.577 Thread 0x00000201cc9d9930 DEOPT UNPACKING pc=0x00000201dc694402 sp=0x0000003636fff410 mode 2
Event: 6.592 Thread 0x00000201cc9d9930 Uncommon trap: trap_request=0xffffffde fr.pc=0x00000201dcc43390 relative=0x0000000000000150
Event: 6.592 Thread 0x00000201cc9d9930 Uncommon trap: reason=class_check action=maybe_recompile pc=0x00000201dcc43390 method=com.fasterxml.jackson.databind.node.ArrayNode.get(I)Lcom/fasterxml/jackson/databind/JsonNode; @ 27 c2
Event: 6.592 Thread 0x00000201cc9d9930 DEOPT PACKING pc=0x00000201dcc43390 sp=0x0000003636fff470
Event: 6.592 Thread 0x00000201cc9d9930 DEOPT UNPACKING pc=0x00000201dc694402 sp=0x0000003636fff410 mode 2
Event: 6.592 Thread 0x00000201cc9d9930 Uncommon trap: trap_request=0xffffffde fr.pc=0x00000201dcc43390 relative=0x0000000000000150
Event: 6.592 Thread 0x00000201cc9d9930 Uncommon trap: reason=class_check action=maybe_recompile pc=0x00000201dcc43390 method=com.fasterxml.jackson.databind.node.ArrayNode.get(I)Lcom/fasterxml/jackson/databind/JsonNode; @ 27 c2
Event: 6.592 Thread 0x00000201cc9d9930 DEOPT PACKING pc=0x00000201dcc43390 sp=0x0000003636fff470
Event: 6.592 Thread 0x00000201cc9d9930 DEOPT UNPACKING pc=0x00000201dc694402 sp=0x0000003636fff410 mode 2
Event: 6.593 Thread 0x00000201cc9d9930 Uncommon trap: trap_request=0xffffffde fr.pc=0x00000201dcc43390 relative=0x0000000000000150
Event: 6.593 Thread 0x00000201cc9d9930 Uncommon trap: reason=class_check action=maybe_recompile pc=0x00000201dcc43390 method=com.fasterxml.jackson.databind.node.ArrayNode.get(I)Lcom/fasterxml/jackson/databind/JsonNode; @ 27 c2
Event: 6.593 Thread 0x00000201cc9d9930 DEOPT PACKING pc=0x00000201dcc43390 sp=0x0000003636fff470
Event: 6.593 Thread 0x00000201cc9d9930 DEOPT UNPACKING pc=0x00000201dc694402 sp=0x0000003636fff410 mode 2
Event: 6.860 Thread 0x00000201cc9d9930 Uncommon trap: trap_request=0xffffff45 fr.pc=0x00000201dcc741f4 relative=0x00000000000016b4
Event: 6.860 Thread 0x00000201cc9d9930 Uncommon trap: reason=unstable_if action=reinterpret pc=0x00000201dcc741f4 method=java.util.HashMap.computeIfAbsent(Ljava/lang/Object;Ljava/util/function/Function;)Ljava/lang/Object; @ 145 c2
Event: 6.860 Thread 0x00000201cc9d9930 DEOPT PACKING pc=0x00000201dcc741f4 sp=0x0000003636fff230
Event: 6.860 Thread 0x00000201cc9d9930 DEOPT UNPACKING pc=0x00000201dc694402 sp=0x0000003636fff208 mode 2

Classes loaded (20 events):
Event: 1.930 Loading class sun/reflect/generics/tree/FieldTypeSignature done
Event: 1.930 Loading class sun/reflect/generics/tree/SimpleClassTypeSignature done
Event: 1.930 Loading class sun/reflect/generics/tree/ClassTypeSignature
Event: 1.930 Loading class sun/reflect/generics/tree/ClassTypeSignature done
Event: 1.930 Loading class sun/reflect/generics/tree/ClassSignature
Event: 1.930 Loading class sun/reflect/generics/tree/Signature
Event: 1.930 Loading class sun/reflect/generics/tree/Signature done
Event: 1.930 Loading class sun/reflect/generics/tree/ClassSignature done
Event: 1.931 Loading class java/util/Collections$SingletonList
Event: 1.931 Loading class java/util/Collections$SingletonList done
Event: 1.931 Loading class java/lang/Class$AnnotationData
Event: 1.931 Loading class java/lang/Class$AnnotationData done
Event: 1.938 Loading class java/util/AbstractMap$SimpleEntry
Event: 1.938 Loading class java/util/AbstractMap$SimpleEntry done
Event: 6.577 Loading class java/util/Formatter$FormatSpecifierParser
Event: 6.578 Loading class java/util/Formatter$FormatSpecifierParser done
Event: 6.579 Loading class java/util/Formatter$FixedString
Event: 6.579 Loading class java/util/Formatter$FixedString done
Event: 6.579 Loading class jdk/internal/math/FormattedFPDecimal
Event: 6.579 Loading class jdk/internal/math/FormattedFPDecimal done

Classes unloaded (0 events):
No events

Classes redefined (0 events):
No events

Internal exceptions (4 events):
Event: 1.927 Thread 0x00000201cc9d9930 Exception <a 'java/lang/NoSuchMethodError'{0x000000071eb2dfd8}: 'void java.lang.invoke.DirectMethodHandle$Holder.invokeSpecial(java.lang.Object, java.lang.Object, java.lang.Object, java.lang.Object, java.lang.Object)'> (0x000000071eb2dfd8) 
thrown [s\open\src\hotspot\share\interpreter\linkResolver.cpp, line 796]
Event: 2.063 Thread 0x00000201cc9d9930 Implicit null exception at 0x00000201dcc29233 to 0x00000201dcc2933a
Event: 2.064 Thread 0x00000201cc9d9930 Implicit null exception at 0x00000201dcc20ab3 to 0x00000201dcc20bba
Event: 6.581 Thread 0x00000201cc9d9930 Exception <a 'java/lang/NoSuchMethodError'{0x0000000720b85308}: 'java.lang.Object java.lang.invoke.DirectMethodHandle$Holder.newInvokeSpecial(java.lang.Object, java.lang.Object, double, double)'> (0x0000000720b85308) 
thrown [s\open\src\hotspot\share\interpreter\linkResolver.cpp, line 796]

VM Operations (20 events):
Event: 1.925 Executing VM operation: HandshakeAllThreads (Deoptimize) done
Event: 2.492 Executing VM operation: G1CollectForAllocation (G1 Evacuation Pause)
Event: 2.512 Executing VM operation: G1CollectForAllocation (G1 Evacuation Pause) done
Event: 3.425 Executing VM operation: G1CollectForAllocation (G1 Evacuation Pause)
Event: 3.437 Executing VM operation: G1CollectForAllocation (G1 Evacuation Pause) done
Event: 5.020 Executing VM operation: G1CollectForAllocation (G1 Evacuation Pause)
Event: 5.050 Executing VM operation: G1CollectForAllocation (G1 Evacuation Pause) done
Event: 5.539 Executing VM operation: G1CollectForAllocation (G1 Evacuation Pause)
Event: 5.569 Executing VM operation: G1CollectForAllocation (G1 Evacuation Pause) done
Event: 5.655 Executing VM operation: G1PauseRemark
Event: 5.660 Executing VM operation: G1PauseRemark done
Event: 5.696 Executing VM operation: G1PauseCleanup
Event: 5.696 Executing VM operation: G1PauseCleanup done
Event: 6.103 Executing VM operation: G1CollectForAllocation (G1 Evacuation Pause)
Event: 6.119 Executing VM operation: G1CollectForAllocation (G1 Evacuation Pause) done
Event: 6.527 Executing VM operation: G1CollectForAllocation (G1 Evacuation Pause)
Event: 6.549 Executing VM operation: G1CollectForAllocation (G1 Evacuation Pause) done
Event: 6.826 Executing VM operation: G1CollectForAllocation (G1 Evacuation Pause)
Event: 6.837 Executing VM operation: G1CollectForAllocation (G1 Evacuation Pause) done
Event: 6.975 Executing VM operation: G1CollectForAllocation (G1 Evacuation Pause)

Memory protections (0 events):
No events

Nmethod flushes (0 events):
No events

Events (11 events):
Event: 0.095 Thread 0x00000201cc9d9930 Thread added: 0x00000201cc9d9930
Event: 0.112 Thread 0x00000201cc9d9930 Thread added: 0x00000201ec299300
Event: 0.113 Thread 0x00000201cc9d9930 Thread added: 0x00000201ec299e30
Event: 0.113 Thread 0x00000201cc9d9930 Thread added: 0x00000201ec29ccb0
Event: 0.113 Thread 0x00000201cc9d9930 Thread added: 0x00000201ec29f780
Event: 0.113 Thread 0x00000201cc9d9930 Thread added: 0x00000201ec29fdf0
Event: 0.113 Thread 0x00000201cc9d9930 Thread added: 0x00000201ec2ac480
Event: 0.113 Thread 0x00000201cc9d9930 Thread added: 0x00000201ec2acf50
Event: 0.113 Thread 0x00000201cc9d9930 Thread added: 0x00000201ec2bcfe0
Event: 0.136 Thread 0x00000201cc9d9930 Thread added: 0x00000201c51584c0
Event: 0.139 Thread 0x00000201cc9d9930 Thread added: 0x00000201c515bf70


Dynamic libraries:
0x00007ff7cf790000 - 0x00007ff7cf7a0000 	C:\Program Files\Java\jdk-23\bin\java.exe
0x00007ffff8f10000 - 0x00007ffff9127000 	C:\WINDOWS\SYSTEM32\ntdll.dll
0x00007ffff79f0000 - 0x00007ffff7ab4000 	C:\WINDOWS\System32\KERNEL32.DLL
0x00007ffff6560000 - 0x00007ffff691a000 	C:\WINDOWS\System32\KERNELBASE.dll
0x00007ffff6a40000 - 0x00007ffff6b51000 	C:\WINDOWS\System32\ucrtbase.dll
0x00007fff6fff0000 - 0x00007fff7000b000 	C:\Program Files\Java\jdk-23\bin\VCRUNTIME140.dll
0x00007fffcbfa0000 - 0x00007fffcbfb7000 	C:\Program Files\Java\jdk-23\bin\jli.dll
0x00007ffff6e80000 - 0x00007ffff702e000 	C:\WINDOWS\System32\USER32.dll
0x00007fffe97b0000 - 0x00007fffe9a42000 	C:\WINDOWS\WinSxS\amd64_microsoft.windows.common-controls_6595b64144ccf1df_6.0.22621.4541_none_2710d1c57384c085\COMCTL32.dll
0x00007ffff6350000 - 0x00007ffff6376000 	C:\WINDOWS\System32\win32u.dll
0x00007ffff7e90000 - 0x00007ffff7f37000 	C:\WINDOWS\System32\msvcrt.dll
0x00007ffff6cc0000 - 0x00007ffff6ce9000 	C:\WINDOWS\System32\GDI32.dll
0x00007ffff6920000 - 0x00007ffff6a3b000 	C:\WINDOWS\System32\gdi32full.dll
0x00007ffff6440000 - 0x00007ffff64da000 	C:\WINDOWS\System32\msvcp_win.dll
0x00007ffff7e50000 - 0x00007ffff7e81000 	C:\WINDOWS\System32\IMM32.DLL
0x00007fffcbf90000 - 0x00007fffcbf9c000 	C:\Program Files\Java\jdk-23\bin\vcruntime140_1.dll
0x00007fff9fd90000 - 0x00007fff9fe1e000 	C:\Program Files\Java\jdk-23\bin\msvcp140.dll
0x00007fff70010000 - 0x00007fff70d5f000 	C:\Program Files\Java\jdk-23\bin\server\jvm.dll
0x00007ffff7920000 - 0x00007ffff79d2000 	C:\WINDOWS\System32\ADVAPI32.dll
0x00007ffff82c0000 - 0x00007ffff8367000 	C:\WINDOWS\System32\sechost.dll
0x00007ffff6b60000 - 0x00007ffff6b88000 	C:\WINDOWS\System32\bcrypt.dll
0x00007ffff7d30000 - 0x00007ffff7e44000 	C:\WINDOWS\System32\RPCRT4.dll
0x00007ffff88c0000 - 0x00007ffff8931000 	C:\WINDOWS\System32\WS2_32.dll
0x00007ffff5a60000 - 0x00007ffff5aad000 	C:\WINDOWS\SYSTEM32\POWRPROF.dll
0x00007fffefdc0000 - 0x00007fffefdf4000 	C:\WINDOWS\SYSTEM32\WINMM.dll
0x00007fffeea00000 - 0x00007fffeea0a000 	C:\WINDOWS\SYSTEM32\VERSION.dll
0x00007ffff5a40000 - 0x00007ffff5a53000 	C:\WINDOWS\SYSTEM32\UMPDC.dll
0x00007ffff5220000 - 0x00007ffff5238000 	C:\WINDOWS\SYSTEM32\kernel.appcore.dll
0x00007fffcbf20000 - 0x00007fffcbf2a000 	C:\Program Files\Java\jdk-23\bin\jimage.dll
0x00007ffff3a00000 - 0x00007ffff3c32000 	C:\WINDOWS\SYSTEM32\DBGHELP.DLL
0x00007ffff8530000 - 0x00007ffff88bf000 	C:\WINDOWS\System32\combase.dll
0x00007ffff7ad0000 - 0x00007ffff7ba7000 	C:\WINDOWS\System32\OLEAUT32.dll
0x00007fffd45e0000 - 0x00007fffd4612000 	C:\WINDOWS\SYSTEM32\dbgcore.DLL
0x00007ffff64e0000 - 0x00007ffff655b000 	C:\WINDOWS\System32\bcryptPrimitives.dll
0x00007fff6ff90000 - 0x00007fff6ffae000 	C:\Program Files\Java\jdk-23\bin\java.dll
0x00007ffff8110000 - 0x00007ffff82b5000 	C:\WINDOWS\System32\ole32.dll
0x00007ffff70a0000 - 0x00007ffff7918000 	C:\WINDOWS\System32\SHELL32.dll
0x00007ffff4120000 - 0x00007ffff4a28000 	C:\WINDOWS\SYSTEM32\windows.storage.dll
0x00007ffff3e70000 - 0x00007ffff3faf000 	C:\WINDOWS\SYSTEM32\wintypes.dll
0x00007ffff7c10000 - 0x00007ffff7d0a000 	C:\WINDOWS\System32\SHCORE.dll
0x00007ffff7bb0000 - 0x00007ffff7c0e000 	C:\WINDOWS\System32\shlwapi.dll
0x00007ffff6110000 - 0x00007ffff613b000 	C:\WINDOWS\SYSTEM32\profapi.dll
0x00007fff6fa40000 - 0x00007fff6fb17000 	C:\Program Files\Java\jdk-23\bin\jsvml.dll
0x00007fffca0f0000 - 0x00007fffca100000 	C:\Program Files\Java\jdk-23\bin\net.dll
0x00007ffff56a0000 - 0x00007ffff5709000 	C:\WINDOWS\system32\mswsock.dll
0x00007fff6f9c0000 - 0x00007fff6f9d6000 	C:\Program Files\Java\jdk-23\bin\nio.dll
0x00007fff6f9a0000 - 0x00007fff6f9b7000 	C:\Program Files\Java\jdk-23\bin\zip.dll

dbghelp: loaded successfully - version: 4.0.5 - missing functions: none
symbol engine: initialized successfully - sym options: 0x614 - pdb path: .;C:\Program Files\Java\jdk-23\bin;C:\WINDOWS\SYSTEM32;C:\WINDOWS\WinSxS\amd64_microsoft.windows.common-controls_6595b64144ccf1df_6.0.22621.4541_none_2710d1c57384c085;C:\Program Files\Java\jdk-23\bin\server

VM Arguments:
jvm_args: -XX:+ShowCodeDetailsInExceptionMessages 
java_command: com.karkinos.Main
java_class_path (initial): D:\.1\cygwin64\home\Labros Karras\AAAAAAAAAA\prostati\target\classes;C:\Users\Labros Karras\.m2\repository\com\google\code\gson\gson\2.8.9\gson-2.8.9.jar;C:\Users\Labros Karras\.m2\repository\com\fasterxml\jackson\core\jackson-databind\2.15.2\jackson-databind-2.15.2.jar;C:\Users\Labros Karras\.m2\repository\com\fasterxml\jackson\core\jackson-annotations\2.15.2\jackson-annotations-2.15.2.jar;C:\Users\Labros Karras\.m2\repository\com\fasterxml\jackson\core\jackson-core\2.15.2\jackson-core-2.15.2.jar;C:\Users\Labros Karras\.m2\repository\org\json\json\20190722\json-20190722.jar
Launcher Type: SUN_STANDARD

[Global flags]
     intx CICompilerCount                          = 4                                         {product} {ergonomic}
     uint ConcGCThreads                            = 3                                         {product} {ergonomic}
     uint G1ConcRefinementThreads                  = 10                                        {product} {ergonomic}
   size_t G1HeapRegionSize                         = 2097152                                   {product} {ergonomic}
   size_t InitialHeapSize                          = 268435456                                 {product} {ergonomic}
   size_t MarkStackSize                            = 4194304                                   {product} {ergonomic}
   size_t MarkStackSizeMax                         = 536870912                                 {product} {ergonomic}
   size_t MaxHeapSize                              = 4278190080                                {product} {ergonomic}
   size_t MaxNewSize                               = 2566914048                                {product} {ergonomic}
   size_t MinHeapDeltaBytes                        = 2097152                                   {product} {ergonomic}
   size_t MinHeapSize                              = 8388608                                   {product} {ergonomic}
    uintx NonNMethodCodeHeapSize                   = 5832704                                {pd product} {ergonomic}
    uintx NonProfiledCodeHeapSize                  = 122945536                              {pd product} {ergonomic}
    uintx ProfiledCodeHeapSize                     = 122880000                              {pd product} {ergonomic}
    uintx ReservedCodeCacheSize                    = 251658240                              {pd product} {ergonomic}
     bool SegmentedCodeCache                       = true                                      {product} {ergonomic}
     bool ShowCodeDetailsInExceptionMessages       = true                                   {manageable} {command line}
   size_t SoftMaxHeapSize                          = 4278190080                             {manageable} {ergonomic}
     bool UseCompressedOops                        = true                           {product lp64_product} {ergonomic}
     bool UseG1GC                                  = true                                      {product} {ergonomic}
     bool UseLargePagesIndividualAllocation        = false                                  {pd product} {ergonomic}

Logging:
Log output configuration:
 #0: stdout all=warning uptime,level,tags foldmultilines=false
 #1: stderr all=off uptime,level,tags foldmultilines=false

Environment Variables:
PATH=C:\Program Files\Common Files\Oracle\Java\javapath;C:\Program Files (x86)\Razer\ChromaBroadcast\bin;C:\Program Files\Razer\ChromaBroadcast\bin;C:\Program Files (x86)\Common Files\Oracle\Java\javapath;C:\Program Files (x86)\Razer Chroma SDK\bin;C:\Program Files\Razer Chroma SDK\bin;C:\windows\system32;C:\windows;C:\windows\System32\Wbem;C:\windows\System32\WindowsPowerShell\v1.0\;C:\windows\System32\OpenSSH\;C:\Program Files (x86)\NVIDIA Corporation\PhysX\Common;C:\windows\system32\config\systemprofile\AppData\Local\Microsoft\WindowsApps;C:\Users\Labros Karras\AppData\Local\Microsoft\WindowsApps;C:\WINDOWS\system32;C:\WINDOWS;C:\WINDOWS\System32\Wbem;C:\WINDOWS\System32\WindowsPowerShell\v1.0\;C:\WINDOWS\System32\OpenSSH\;C:\Program Files (x86)\dotnet\;C:\Program Files\PuTTY\;C:\Program Files\NVIDIA Corporation\NVIDIA app\NvDLISR;D:\.1\Git\Git\cmd;D:\Maven\apache-maven-3.9.9\bin;C:\Program Files\Java\jdk-23\bin;%JAVA_HOME%\bin;C:\Users\Labros Karras\AppData\Local\Microsoft\WindowsApps;D:\Visual Studio Code\Microsoft VS Code\bin;%JAVA_HOME%\bin;C:\Program Files\Java\jdk-23\bin;
USERNAME=Labros Karras
LANG=en_US.UTF-8
OS=Windows_NT
PROCESSOR_IDENTIFIER=AMD64 Family 23 Model 113 Stepping 0, AuthenticAMD
TMP=C:\Users\Labros Karras\AppData\Local\Temp
TEMP=C:\Users\Labros Karras\AppData\Local\Temp




Periodic native trim disabled

---------------  S Y S T E M  ---------------

OS:
 Windows 11 , 64 bit Build 22621 (10.0.22621.4391)
OS uptime: 19 days 3:40 hours

CPU: total 12 (initial active 12) (12 cores per cpu, 2 threads per core) family 23 model 113 stepping 0 microcode 0x0, cx8, cmov, fxsr, ht, mmx, 3dnowpref, sse, sse2, sse3, ssse3, sse4a, sse4.1, sse4.2, popcnt, lzcnt, tsc, tscinvbit, avx, avx2, aes, clmul, bmi1, bmi2, adx, sha, fma, vzeroupper, clflush, clflushopt, rdtscp, rdpid, f16c
Processor Information for the first 12 processors :
  Max Mhz: 3593, Current Mhz: 3593, Mhz Limit: 3593

Memory: 4k page, system-wide physical 16315M (134M free)
TotalPageFile size 25721M (AvailPageFile size 453M)
current process WorkingSet (physical memory assigned to process): 537M, peak: 537M
current process commit charge ("private bytes"): 623M, peak: 1134M

vm_info: Java HotSpot(TM) 64-Bit Server VM (23.0.1+11-39) for windows-amd64 JRE (23.0.1+11-39), built on 2024-09-30T07:20:43Z with MS VC++ 17.6 (VS2022)

END.
